<?xml version="1.0" encoding="UTF-8" ?>
<testsuite tests="5" failures="0" name="org.conan.persistence.BoardControllerTest" time="0.258" errors="5" skipped="0">
  <properties>
[...]
</properties>
  <testcase classname="org.conan.persistence.BoardControllerTest" name="testGet" time="0.06">
    <error message="javax.servlet.http.HttpServletResponse.getStatus()I" type="java.lang.NoSuchMethodError">java.lang.NoSuchMethodError: javax.servlet.http.HttpServletResponse.getStatus()I
	at org.springframework.web.servlet.FrameworkServlet.publishRequestHandledEvent(FrameworkServlet.java:1146)
	at org.springframework.web.servlet.FrameworkServlet.processRequest(FrameworkServlet.java:1023)
	at org.springframework.web.servlet.FrameworkServlet.doGet(FrameworkServlet.java:898)
	at javax.servlet.http.HttpServlet.service(HttpServlet.java:707)
	at org.springframework.web.servlet.FrameworkServlet.service(FrameworkServlet.java:883)
	at org.springframework.test.web.servlet.TestDispatcherServlet.service(TestDispatcherServlet.java:72)
	at javax.servlet.http.HttpServlet.service(HttpServlet.java:820)
	at org.springframework.mock.web.MockFilterChain$ServletFilterProxy.doFilter(MockFilterChain.java:167)
	at org.springframework.mock.web.MockFilterChain.doFilter(MockFilterChain.java:134)
	at org.springframework.test.web.servlet.MockMvc.perform(MockMvc.java:183)
	at org.conan.persistence.BoardControllerTest.testGet(BoardControllerTest.java:51)
	at java.base/jdk.internal.reflect.NativeMethodAccessorImpl.invoke0(Native Method)
	at java.base/jdk.internal.reflect.NativeMethodAccessorImpl.invoke(NativeMethodAccessorImpl.java:62)
	at java.base/jdk.internal.reflect.DelegatingMethodAccessorImpl.invoke(DelegatingMethodAccessorImpl.java:43)
	at java.base/java.lang.reflect.Method.invoke(Method.java:566)
	at org.junit.runners.model.FrameworkMethod$1.runReflectiveCall(FrameworkMethod.java:59)
	at org.junit.internal.runners.model.ReflectiveCallable.run(ReflectiveCallable.java:12)
	at org.junit.runners.model.FrameworkMethod.invokeExplosively(FrameworkMethod.java:56)
	at org.junit.internal.runners.statements.InvokeMethod.evaluate(InvokeMethod.java:17)
	at org.springframework.test.context.junit4.statements.RunBeforeTestExecutionCallbacks.evaluate(RunBeforeTestExecutionCallbacks.java:74)
	at org.springframework.test.context.junit4.statements.RunAfterTestExecutionCallbacks.evaluate(RunAfterTestExecutionCallbacks.java:84)
	at org.junit.internal.runners.statements.RunBefores.evaluate(RunBefores.java:26)
	at org.springframework.test.context.junit4.statements.RunBeforeTestMethodCallbacks.evaluate(RunBeforeTestMethodCallbacks.java:75)
	at org.springframework.test.context.junit4.statements.RunAfterTestMethodCallbacks.evaluate(RunAfterTestMethodCallbacks.java:86)
	at org.springframework.test.context.junit4.statements.SpringRepeat.evaluate(SpringRepeat.java:84)
	at org.junit.runners.ParentRunner.runLeaf(ParentRunner.java:366)
	at org.springframework.test.context.junit4.SpringJUnit4ClassRunner.runChild(SpringJUnit4ClassRunner.java:251)
	at org.springframework.test.context.junit4.SpringJUnit4ClassRunner.runChild(SpringJUnit4ClassRunner.java:97)
	at org.junit.runners.ParentRunner$4.run(ParentRunner.java:331)
	at org.junit.runners.ParentRunner$1.schedule(ParentRunner.java:79)
	at org.junit.runners.ParentRunner.runChildren(ParentRunner.java:329)
	at org.junit.runners.ParentRunner.access$100(ParentRunner.java:66)
	at org.junit.runners.ParentRunner$2.evaluate(ParentRunner.java:293)
	at org.springframework.test.context.junit4.statements.RunBeforeTestClassCallbacks.evaluate(RunBeforeTestClassCallbacks.java:61)
	at org.springframework.test.context.junit4.statements.RunAfterTestClassCallbacks.evaluate(RunAfterTestClassCallbacks.java:70)
	at org.junit.runners.ParentRunner$3.evaluate(ParentRunner.java:306)
	at org.junit.runners.ParentRunner.run(ParentRunner.java:413)
	at org.springframework.test.context.junit4.SpringJUnit4ClassRunner.run(SpringJUnit4ClassRunner.java:190)
	at org.apache.maven.surefire.junit4.JUnit4Provider.execute(JUnit4Provider.java:252)
	at org.apache.maven.surefire.junit4.JUnit4Provider.executeTestSet(JUnit4Provider.java:141)
	at org.apache.maven.surefire.junit4.JUnit4Provider.invoke(JUnit4Provider.java:112)
	at java.base/jdk.internal.reflect.NativeMethodAccessorImpl.invoke0(Native Method)
	at java.base/jdk.internal.reflect.NativeMethodAccessorImpl.invoke(NativeMethodAccessorImpl.java:62)
	at java.base/jdk.internal.reflect.DelegatingMethodAccessorImpl.invoke(DelegatingMethodAccessorImpl.java:43)
	at java.base/java.lang.reflect.Method.invoke(Method.java:566)
	at org.apache.maven.surefire.util.ReflectionUtils.invokeMethodWithArray(ReflectionUtils.java:189)
	at org.apache.maven.surefire.booter.ProviderFactory$ProviderProxy.invoke(ProviderFactory.java:165)
	at org.apache.maven.surefire.booter.ProviderFactory.invokeProvider(ProviderFactory.java:85)
	at org.apache.maven.surefire.booter.ForkedBooter.runSuitesInProcess(ForkedBooter.java:115)
	at org.apache.maven.surefire.booter.ForkedBooter.main(ForkedBooter.java:75)
</error>
    <system-out>INFO : org.springframework.test.context.web.WebTestContextBootstrapper - Loaded default TestExecutionListener class names from location [META-INF/spring.factories]: [org.springframework.test.context.web.ServletTestExecutionListener, org.springframework.test.context.support.DirtiesContextBeforeModesTestExecutionListener, org.springframework.test.context.support.DependencyInjectionTestExecutionListener, org.springframework.test.context.support.DirtiesContextTestExecutionListener, org.springframework.test.context.transaction.TransactionalTestExecutionListener, org.springframework.test.context.jdbc.SqlScriptsTestExecutionListener, org.springframework.test.context.event.EventPublishingTestExecutionListener]
INFO : org.springframework.test.context.web.WebTestContextBootstrapper - Using TestExecutionListeners: [org.springframework.test.context.web.ServletTestExecutionListener@4d5b6aac, org.springframework.test.context.support.DirtiesContextBeforeModesTestExecutionListener@3e84448c, org.springframework.test.context.support.DependencyInjectionTestExecutionListener@4a7f959b, org.springframework.test.context.support.DirtiesContextTestExecutionListener@429bffaa, org.springframework.test.context.transaction.TransactionalTestExecutionListener@5403f35f, org.springframework.test.context.jdbc.SqlScriptsTestExecutionListener@483f6d77, org.springframework.test.context.event.EventPublishingTestExecutionListener@7e5afaa6]
INFO : com.zaxxer.hikari.HikariDataSource - HikariPool-1 - Starting...
INFO : jdbc.connection - 1. Connection opened
INFO : jdbc.audit - 1. Connection.new Connection returned 
INFO : jdbc.audit - 1. Connection.getNetworkTimeout() returned 0
INFO : jdbc.audit - 1. Connection.isReadOnly() returned false
INFO : jdbc.audit - 1. Connection.getAutoCommit() returned true
INFO : jdbc.audit - 1. Connection.isValid(1) returned true
INFO : jdbc.audit - 1. Connection.getTransactionIsolation() returned 2
INFO : com.zaxxer.hikari.pool.HikariPool - HikariPool-1 - Added connection net.sf.log4jdbc.sql.jdbcapi.ConnectionSpy@aced190
INFO : com.zaxxer.hikari.HikariDataSource - HikariPool-1 - Start completed.
INFO : jdbc.connection - 2. Connection opened
INFO : jdbc.audit - 2. Connection.new Connection returned 
INFO : jdbc.audit - 2. Connection.isReadOnly() returned false
INFO : jdbc.audit - 2. Connection.getAutoCommit() returned true
INFO : jdbc.connection - 3. Connection opened
INFO : jdbc.audit - 3. Connection.new Connection returned 
INFO : jdbc.audit - 3. Connection.isReadOnly() returned false
INFO : jdbc.audit - 3. Connection.getAutoCommit() returned true
INFO : jdbc.connection - 4. Connection opened
INFO : jdbc.audit - 4. Connection.new Connection returned 
INFO : jdbc.audit - 4. Connection.isReadOnly() returned false
INFO : jdbc.audit - 4. Connection.getAutoCommit() returned true
INFO : jdbc.connection - 5. Connection opened
INFO : jdbc.audit - 5. Connection.new Connection returned 
INFO : jdbc.audit - 5. Connection.isReadOnly() returned false
INFO : jdbc.audit - 5. Connection.getAutoCommit() returned true
INFO : jdbc.connection - 6. Connection opened
INFO : jdbc.audit - 6. Connection.new Connection returned 
INFO : jdbc.audit - 6. Connection.isReadOnly() returned false
INFO : jdbc.audit - 6. Connection.getAutoCommit() returned true
INFO : jdbc.connection - 7. Connection opened
INFO : jdbc.audit - 7. Connection.new Connection returned 
INFO : jdbc.audit - 7. Connection.isReadOnly() returned false
INFO : jdbc.audit - 7. Connection.getAutoCommit() returned true
INFO : jdbc.connection - 8. Connection opened
INFO : jdbc.audit - 8. Connection.new Connection returned 
INFO : jdbc.audit - 8. Connection.isReadOnly() returned false
INFO : jdbc.audit - 8. Connection.getAutoCommit() returned true
INFO : jdbc.connection - 9. Connection opened
INFO : jdbc.audit - 9. Connection.new Connection returned 
INFO : jdbc.audit - 9. Connection.isReadOnly() returned false
INFO : jdbc.audit - 9. Connection.getAutoCommit() returned true
INFO : org.springframework.mock.web.MockServletContext - Initializing Spring TestDispatcherServlet &apos;&apos;
INFO : org.springframework.test.web.servlet.TestDispatcherServlet - Initializing Servlet &apos;&apos;
INFO : org.springframework.test.web.servlet.TestDispatcherServlet - Completed initialization in 6 ms
INFO : jdbc.connection - 10. Connection opened
INFO : jdbc.audit - 10. Connection.new Connection returned 
INFO : jdbc.audit - 10. Connection.isReadOnly() returned false
INFO : jdbc.audit - 10. Connection.getAutoCommit() returned true
ERROR: org.conan.exception.CommonExceptionAdvice - Exception...Handler dispatch failed; nested exception is java.lang.NoSuchMethodError: javax.servlet.http.HttpServletResponse.getStatus()I
ERROR: org.conan.exception.CommonExceptionAdvice - {exception=org.springframework.web.util.NestedServletException: Handler dispatch failed; nested exception is java.lang.NoSuchMethodError: javax.servlet.http.HttpServletResponse.getStatus()I}
</system-out>
  </testcase>
  <testcase classname="org.conan.persistence.BoardControllerTest" name="testList" time="0.001">
    <error message="javax.servlet.http.HttpServletResponse.getStatus()I" type="java.lang.NoSuchMethodError">java.lang.NoSuchMethodError: javax.servlet.http.HttpServletResponse.getStatus()I
	at org.springframework.web.servlet.FrameworkServlet.publishRequestHandledEvent(FrameworkServlet.java:1146)
	at org.springframework.web.servlet.FrameworkServlet.processRequest(FrameworkServlet.java:1023)
	at org.springframework.web.servlet.FrameworkServlet.doGet(FrameworkServlet.java:898)
	at javax.servlet.http.HttpServlet.service(HttpServlet.java:707)
	at org.springframework.web.servlet.FrameworkServlet.service(FrameworkServlet.java:883)
	at org.springframework.test.web.servlet.TestDispatcherServlet.service(TestDispatcherServlet.java:72)
	at javax.servlet.http.HttpServlet.service(HttpServlet.java:820)
	at org.springframework.mock.web.MockFilterChain$ServletFilterProxy.doFilter(MockFilterChain.java:167)
	at org.springframework.mock.web.MockFilterChain.doFilter(MockFilterChain.java:134)
	at org.springframework.test.web.servlet.MockMvc.perform(MockMvc.java:183)
	at org.conan.persistence.BoardControllerTest.testList(BoardControllerTest.java:37)
	at java.base/jdk.internal.reflect.NativeMethodAccessorImpl.invoke0(Native Method)
	at java.base/jdk.internal.reflect.NativeMethodAccessorImpl.invoke(NativeMethodAccessorImpl.java:62)
	at java.base/jdk.internal.reflect.DelegatingMethodAccessorImpl.invoke(DelegatingMethodAccessorImpl.java:43)
	at java.base/java.lang.reflect.Method.invoke(Method.java:566)
	at org.junit.runners.model.FrameworkMethod$1.runReflectiveCall(FrameworkMethod.java:59)
	at org.junit.internal.runners.model.ReflectiveCallable.run(ReflectiveCallable.java:12)
	at org.junit.runners.model.FrameworkMethod.invokeExplosively(FrameworkMethod.java:56)
	at org.junit.internal.runners.statements.InvokeMethod.evaluate(InvokeMethod.java:17)
	at org.springframework.test.context.junit4.statements.RunBeforeTestExecutionCallbacks.evaluate(RunBeforeTestExecutionCallbacks.java:74)
	at org.springframework.test.context.junit4.statements.RunAfterTestExecutionCallbacks.evaluate(RunAfterTestExecutionCallbacks.java:84)
	at org.junit.internal.runners.statements.RunBefores.evaluate(RunBefores.java:26)
	at org.springframework.test.context.junit4.statements.RunBeforeTestMethodCallbacks.evaluate(RunBeforeTestMethodCallbacks.java:75)
	at org.springframework.test.context.junit4.statements.RunAfterTestMethodCallbacks.evaluate(RunAfterTestMethodCallbacks.java:86)
	at org.springframework.test.context.junit4.statements.SpringRepeat.evaluate(SpringRepeat.java:84)
	at org.junit.runners.ParentRunner.runLeaf(ParentRunner.java:366)
	at org.springframework.test.context.junit4.SpringJUnit4ClassRunner.runChild(SpringJUnit4ClassRunner.java:251)
	at org.springframework.test.context.junit4.SpringJUnit4ClassRunner.runChild(SpringJUnit4ClassRunner.java:97)
	at org.junit.runners.ParentRunner$4.run(ParentRunner.java:331)
	at org.junit.runners.ParentRunner$1.schedule(ParentRunner.java:79)
	at org.junit.runners.ParentRunner.runChildren(ParentRunner.java:329)
	at org.junit.runners.ParentRunner.access$100(ParentRunner.java:66)
	at org.junit.runners.ParentRunner$2.evaluate(ParentRunner.java:293)
	at org.springframework.test.context.junit4.statements.RunBeforeTestClassCallbacks.evaluate(RunBeforeTestClassCallbacks.java:61)
	at org.springframework.test.context.junit4.statements.RunAfterTestClassCallbacks.evaluate(RunAfterTestClassCallbacks.java:70)
	at org.junit.runners.ParentRunner$3.evaluate(ParentRunner.java:306)
	at org.junit.runners.ParentRunner.run(ParentRunner.java:413)
	at org.springframework.test.context.junit4.SpringJUnit4ClassRunner.run(SpringJUnit4ClassRunner.java:190)
	at org.apache.maven.surefire.junit4.JUnit4Provider.execute(JUnit4Provider.java:252)
	at org.apache.maven.surefire.junit4.JUnit4Provider.executeTestSet(JUnit4Provider.java:141)
	at org.apache.maven.surefire.junit4.JUnit4Provider.invoke(JUnit4Provider.java:112)
	at java.base/jdk.internal.reflect.NativeMethodAccessorImpl.invoke0(Native Method)
	at java.base/jdk.internal.reflect.NativeMethodAccessorImpl.invoke(NativeMethodAccessorImpl.java:62)
	at java.base/jdk.internal.reflect.DelegatingMethodAccessorImpl.invoke(DelegatingMethodAccessorImpl.java:43)
	at java.base/java.lang.reflect.Method.invoke(Method.java:566)
	at org.apache.maven.surefire.util.ReflectionUtils.invokeMethodWithArray(ReflectionUtils.java:189)
	at org.apache.maven.surefire.booter.ProviderFactory$ProviderProxy.invoke(ProviderFactory.java:165)
	at org.apache.maven.surefire.booter.ProviderFactory.invokeProvider(ProviderFactory.java:85)
	at org.apache.maven.surefire.booter.ForkedBooter.runSuitesInProcess(ForkedBooter.java:115)
	at org.apache.maven.surefire.booter.ForkedBooter.main(ForkedBooter.java:75)
</error>
    <system-out>INFO : org.springframework.mock.web.MockServletContext - Initializing Spring TestDispatcherServlet &apos;&apos;
INFO : org.springframework.test.web.servlet.TestDispatcherServlet - Initializing Servlet &apos;&apos;
INFO : org.springframework.test.web.servlet.TestDispatcherServlet - Completed initialization in 1 ms
ERROR: org.conan.exception.CommonExceptionAdvice - Exception...Handler dispatch failed; nested exception is java.lang.NoSuchMethodError: javax.servlet.http.HttpServletResponse.getStatus()I
ERROR: org.conan.exception.CommonExceptionAdvice - {exception=org.springframework.web.util.NestedServletException: Handler dispatch failed; nested exception is java.lang.NoSuchMethodError: javax.servlet.http.HttpServletResponse.getStatus()I}
</system-out>
  </testcase>
  <testcase classname="org.conan.persistence.BoardControllerTest" name="testRegister" time="0.183">
    <error message="javax.servlet.http.HttpServletResponse.getStatus()I" type="java.lang.NoSuchMethodError">java.lang.NoSuchMethodError: javax.servlet.http.HttpServletResponse.getStatus()I
	at org.springframework.web.servlet.FrameworkServlet.publishRequestHandledEvent(FrameworkServlet.java:1146)
	at org.springframework.web.servlet.FrameworkServlet.processRequest(FrameworkServlet.java:1023)
	at org.springframework.web.servlet.FrameworkServlet.doPost(FrameworkServlet.java:909)
	at javax.servlet.http.HttpServlet.service(HttpServlet.java:727)
	at org.springframework.web.servlet.FrameworkServlet.service(FrameworkServlet.java:883)
	at org.springframework.test.web.servlet.TestDispatcherServlet.service(TestDispatcherServlet.java:72)
	at javax.servlet.http.HttpServlet.service(HttpServlet.java:820)
	at org.springframework.mock.web.MockFilterChain$ServletFilterProxy.doFilter(MockFilterChain.java:167)
	at org.springframework.mock.web.MockFilterChain.doFilter(MockFilterChain.java:134)
	at org.springframework.test.web.servlet.MockMvc.perform(MockMvc.java:183)
	at org.conan.persistence.BoardControllerTest.testRegister(BoardControllerTest.java:42)
	at java.base/jdk.internal.reflect.NativeMethodAccessorImpl.invoke0(Native Method)
	at java.base/jdk.internal.reflect.NativeMethodAccessorImpl.invoke(NativeMethodAccessorImpl.java:62)
	at java.base/jdk.internal.reflect.DelegatingMethodAccessorImpl.invoke(DelegatingMethodAccessorImpl.java:43)
	at java.base/java.lang.reflect.Method.invoke(Method.java:566)
	at org.junit.runners.model.FrameworkMethod$1.runReflectiveCall(FrameworkMethod.java:59)
	at org.junit.internal.runners.model.ReflectiveCallable.run(ReflectiveCallable.java:12)
	at org.junit.runners.model.FrameworkMethod.invokeExplosively(FrameworkMethod.java:56)
	at org.junit.internal.runners.statements.InvokeMethod.evaluate(InvokeMethod.java:17)
	at org.springframework.test.context.junit4.statements.RunBeforeTestExecutionCallbacks.evaluate(RunBeforeTestExecutionCallbacks.java:74)
	at org.springframework.test.context.junit4.statements.RunAfterTestExecutionCallbacks.evaluate(RunAfterTestExecutionCallbacks.java:84)
	at org.junit.internal.runners.statements.RunBefores.evaluate(RunBefores.java:26)
	at org.springframework.test.context.junit4.statements.RunBeforeTestMethodCallbacks.evaluate(RunBeforeTestMethodCallbacks.java:75)
	at org.springframework.test.context.junit4.statements.RunAfterTestMethodCallbacks.evaluate(RunAfterTestMethodCallbacks.java:86)
	at org.springframework.test.context.junit4.statements.SpringRepeat.evaluate(SpringRepeat.java:84)
	at org.junit.runners.ParentRunner.runLeaf(ParentRunner.java:366)
	at org.springframework.test.context.junit4.SpringJUnit4ClassRunner.runChild(SpringJUnit4ClassRunner.java:251)
	at org.springframework.test.context.junit4.SpringJUnit4ClassRunner.runChild(SpringJUnit4ClassRunner.java:97)
	at org.junit.runners.ParentRunner$4.run(ParentRunner.java:331)
	at org.junit.runners.ParentRunner$1.schedule(ParentRunner.java:79)
	at org.junit.runners.ParentRunner.runChildren(ParentRunner.java:329)
	at org.junit.runners.ParentRunner.access$100(ParentRunner.java:66)
	at org.junit.runners.ParentRunner$2.evaluate(ParentRunner.java:293)
	at org.springframework.test.context.junit4.statements.RunBeforeTestClassCallbacks.evaluate(RunBeforeTestClassCallbacks.java:61)
	at org.springframework.test.context.junit4.statements.RunAfterTestClassCallbacks.evaluate(RunAfterTestClassCallbacks.java:70)
	at org.junit.runners.ParentRunner$3.evaluate(ParentRunner.java:306)
	at org.junit.runners.ParentRunner.run(ParentRunner.java:413)
	at org.springframework.test.context.junit4.SpringJUnit4ClassRunner.run(SpringJUnit4ClassRunner.java:190)
	at org.apache.maven.surefire.junit4.JUnit4Provider.execute(JUnit4Provider.java:252)
	at org.apache.maven.surefire.junit4.JUnit4Provider.executeTestSet(JUnit4Provider.java:141)
	at org.apache.maven.surefire.junit4.JUnit4Provider.invoke(JUnit4Provider.java:112)
	at java.base/jdk.internal.reflect.NativeMethodAccessorImpl.invoke0(Native Method)
	at java.base/jdk.internal.reflect.NativeMethodAccessorImpl.invoke(NativeMethodAccessorImpl.java:62)
	at java.base/jdk.internal.reflect.DelegatingMethodAccessorImpl.invoke(DelegatingMethodAccessorImpl.java:43)
	at java.base/java.lang.reflect.Method.invoke(Method.java:566)
	at org.apache.maven.surefire.util.ReflectionUtils.invokeMethodWithArray(ReflectionUtils.java:189)
	at org.apache.maven.surefire.booter.ProviderFactory$ProviderProxy.invoke(ProviderFactory.java:165)
	at org.apache.maven.surefire.booter.ProviderFactory.invokeProvider(ProviderFactory.java:85)
	at org.apache.maven.surefire.booter.ForkedBooter.runSuitesInProcess(ForkedBooter.java:115)
	at org.apache.maven.surefire.booter.ForkedBooter.main(ForkedBooter.java:75)
</error>
    <system-out>INFO : org.springframework.mock.web.MockServletContext - Initializing Spring TestDispatcherServlet &apos;&apos;
INFO : org.springframework.test.web.servlet.TestDispatcherServlet - Initializing Servlet &apos;&apos;
INFO : org.springframework.test.web.servlet.TestDispatcherServlet - Completed initialization in 1 ms
INFO : org.conan.controller.BoardController - register : BoardVO(bno=null, title=test from controller, content=test from controller, writer=user0000, regDate=null, updateDate=null)
INFO : org.conan.servcie.BoardServiceImpl - register...null
INFO : jdbc.audit - 1. Connection.isValid(5) returned true
INFO : jdbc.audit - 1. Connection.getAutoCommit() returned true
INFO : jdbc.audit - 1. PreparedStatement.new PreparedStatement returned 
INFO : jdbc.audit - 1. Connection.prepareStatement(select BNO.nextval from dual) returned net.sf.log4jdbc.sql.jdbcapi.PreparedStatementSpy@ffd4cba
INFO : jdbc.sqlonly - select BNO.nextval from dual 

INFO : jdbc.sqltiming - select BNO.nextval from dual 
 {executed in 32 msec}
INFO : jdbc.audit - 1. PreparedStatement.execute() returned true
INFO : jdbc.resultset - 1. ResultSet.new ResultSet returned 
INFO : jdbc.audit - 1. PreparedStatement.getResultSet() returned net.sf.log4jdbc.sql.jdbcapi.ResultSetSpy@55b5cd2b
INFO : jdbc.resultset - 1. ResultSet.getMetaData() returned oracle.jdbc.driver.OracleResultSetMetaData@671ea6ff
INFO : jdbc.resultset - 1. ResultSet.getType() returned 1003
INFO : jdbc.resultset - 1. ResultSet.isClosed() returned false
INFO : jdbc.resultset - 1. ResultSet.next() returned true
INFO : jdbc.resultset - 1. ResultSet.getLong(NEXTVAL) returned 32
INFO : jdbc.resultset - 1. ResultSet.isClosed() returned false
INFO : jdbc.resultsettable - 
|--------|
|nextval |
|--------|
|32      |
|--------|

INFO : jdbc.resultset - 1. ResultSet.next() returned false
INFO : jdbc.resultset - 1. ResultSet.close() returned void
INFO : jdbc.audit - 1. Connection.getMetaData() returned oracle.jdbc.driver.OracleDatabaseMetaData@77c3c037
INFO : jdbc.audit - 1. PreparedStatement.close() returned 
INFO : jdbc.audit - 1. PreparedStatement.new PreparedStatement returned 
INFO : jdbc.audit - 1. Connection.prepareStatement(insert into tbl_board(bno, title, content, writer)
		values(?, ?, ?, ?)) returned net.sf.log4jdbc.sql.jdbcapi.PreparedStatementSpy@712ac7e6
INFO : jdbc.audit - 1. PreparedStatement.setLong(1, 32) returned 
INFO : jdbc.audit - 1. PreparedStatement.setString(2, &quot;test from controller&quot;) returned 
INFO : jdbc.audit - 1. PreparedStatement.setString(3, &quot;test from controller&quot;) returned 
INFO : jdbc.audit - 1. PreparedStatement.setString(4, &quot;user0000&quot;) returned 
INFO : jdbc.sqlonly - insert into tbl_board(bno, title, content, writer) values(32, &apos;test from controller&apos;, &apos;test 
from controller&apos;, &apos;user0000&apos;) 

INFO : jdbc.sqltiming - insert into tbl_board(bno, title, content, writer) values(32, &apos;test from controller&apos;, &apos;test 
from controller&apos;, &apos;user0000&apos;) 
 {executed in 5 msec}
INFO : jdbc.audit - 1. PreparedStatement.execute() returned false
INFO : jdbc.audit - 1. PreparedStatement.getUpdateCount() returned 1
INFO : jdbc.audit - 1. PreparedStatement.close() returned 
INFO : jdbc.audit - 1. Connection.clearWarnings() returned 
</system-out>
  </testcase>
  <testcase classname="org.conan.persistence.BoardControllerTest" name="testModify" time="0.007">
    <error message="javax.servlet.http.HttpServletResponse.getStatus()I" type="java.lang.NoSuchMethodError">java.lang.NoSuchMethodError: javax.servlet.http.HttpServletResponse.getStatus()I
	at org.springframework.web.servlet.FrameworkServlet.publishRequestHandledEvent(FrameworkServlet.java:1146)
	at org.springframework.web.servlet.FrameworkServlet.processRequest(FrameworkServlet.java:1023)
	at org.springframework.web.servlet.FrameworkServlet.doPost(FrameworkServlet.java:909)
	at javax.servlet.http.HttpServlet.service(HttpServlet.java:727)
	at org.springframework.web.servlet.FrameworkServlet.service(FrameworkServlet.java:883)
	at org.springframework.test.web.servlet.TestDispatcherServlet.service(TestDispatcherServlet.java:72)
	at javax.servlet.http.HttpServlet.service(HttpServlet.java:820)
	at org.springframework.mock.web.MockFilterChain$ServletFilterProxy.doFilter(MockFilterChain.java:167)
	at org.springframework.mock.web.MockFilterChain.doFilter(MockFilterChain.java:134)
	at org.springframework.test.web.servlet.MockMvc.perform(MockMvc.java:183)
	at org.conan.persistence.BoardControllerTest.testModify(BoardControllerTest.java:57)
	at java.base/jdk.internal.reflect.NativeMethodAccessorImpl.invoke0(Native Method)
	at java.base/jdk.internal.reflect.NativeMethodAccessorImpl.invoke(NativeMethodAccessorImpl.java:62)
	at java.base/jdk.internal.reflect.DelegatingMethodAccessorImpl.invoke(DelegatingMethodAccessorImpl.java:43)
	at java.base/java.lang.reflect.Method.invoke(Method.java:566)
	at org.junit.runners.model.FrameworkMethod$1.runReflectiveCall(FrameworkMethod.java:59)
	at org.junit.internal.runners.model.ReflectiveCallable.run(ReflectiveCallable.java:12)
	at org.junit.runners.model.FrameworkMethod.invokeExplosively(FrameworkMethod.java:56)
	at org.junit.internal.runners.statements.InvokeMethod.evaluate(InvokeMethod.java:17)
	at org.springframework.test.context.junit4.statements.RunBeforeTestExecutionCallbacks.evaluate(RunBeforeTestExecutionCallbacks.java:74)
	at org.springframework.test.context.junit4.statements.RunAfterTestExecutionCallbacks.evaluate(RunAfterTestExecutionCallbacks.java:84)
	at org.junit.internal.runners.statements.RunBefores.evaluate(RunBefores.java:26)
	at org.springframework.test.context.junit4.statements.RunBeforeTestMethodCallbacks.evaluate(RunBeforeTestMethodCallbacks.java:75)
	at org.springframework.test.context.junit4.statements.RunAfterTestMethodCallbacks.evaluate(RunAfterTestMethodCallbacks.java:86)
	at org.springframework.test.context.junit4.statements.SpringRepeat.evaluate(SpringRepeat.java:84)
	at org.junit.runners.ParentRunner.runLeaf(ParentRunner.java:366)
	at org.springframework.test.context.junit4.SpringJUnit4ClassRunner.runChild(SpringJUnit4ClassRunner.java:251)
	at org.springframework.test.context.junit4.SpringJUnit4ClassRunner.runChild(SpringJUnit4ClassRunner.java:97)
	at org.junit.runners.ParentRunner$4.run(ParentRunner.java:331)
	at org.junit.runners.ParentRunner$1.schedule(ParentRunner.java:79)
	at org.junit.runners.ParentRunner.runChildren(ParentRunner.java:329)
	at org.junit.runners.ParentRunner.access$100(ParentRunner.java:66)
	at org.junit.runners.ParentRunner$2.evaluate(ParentRunner.java:293)
	at org.springframework.test.context.junit4.statements.RunBeforeTestClassCallbacks.evaluate(RunBeforeTestClassCallbacks.java:61)
	at org.springframework.test.context.junit4.statements.RunAfterTestClassCallbacks.evaluate(RunAfterTestClassCallbacks.java:70)
	at org.junit.runners.ParentRunner$3.evaluate(ParentRunner.java:306)
	at org.junit.runners.ParentRunner.run(ParentRunner.java:413)
	at org.springframework.test.context.junit4.SpringJUnit4ClassRunner.run(SpringJUnit4ClassRunner.java:190)
	at org.apache.maven.surefire.junit4.JUnit4Provider.execute(JUnit4Provider.java:252)
	at org.apache.maven.surefire.junit4.JUnit4Provider.executeTestSet(JUnit4Provider.java:141)
	at org.apache.maven.surefire.junit4.JUnit4Provider.invoke(JUnit4Provider.java:112)
	at java.base/jdk.internal.reflect.NativeMethodAccessorImpl.invoke0(Native Method)
	at java.base/jdk.internal.reflect.NativeMethodAccessorImpl.invoke(NativeMethodAccessorImpl.java:62)
	at java.base/jdk.internal.reflect.DelegatingMethodAccessorImpl.invoke(DelegatingMethodAccessorImpl.java:43)
	at java.base/java.lang.reflect.Method.invoke(Method.java:566)
	at org.apache.maven.surefire.util.ReflectionUtils.invokeMethodWithArray(ReflectionUtils.java:189)
	at org.apache.maven.surefire.booter.ProviderFactory$ProviderProxy.invoke(ProviderFactory.java:165)
	at org.apache.maven.surefire.booter.ProviderFactory.invokeProvider(ProviderFactory.java:85)
	at org.apache.maven.surefire.booter.ForkedBooter.runSuitesInProcess(ForkedBooter.java:115)
	at org.apache.maven.surefire.booter.ForkedBooter.main(ForkedBooter.java:75)
</error>
    <system-out>INFO : org.springframework.mock.web.MockServletContext - Initializing Spring TestDispatcherServlet &apos;&apos;
INFO : org.springframework.test.web.servlet.TestDispatcherServlet - Initializing Servlet &apos;&apos;
INFO : org.springframework.test.web.servlet.TestDispatcherServlet - Completed initialization in 0 ms
INFO : org.conan.controller.BoardController - modify : BoardVO(bno=1, title=�̹� �̹�, content=�̹� �̹�, writer=�̹� ����, regDate=null, updateDate=null)
INFO : org.conan.servcie.BoardServiceImpl - modify...BoardVO(bno=1, title=�̹� �̹�, content=�̹� �̹�, writer=�̹� ����, regDate=null, updateDate=null)
INFO : jdbc.audit - 1. Connection.getAutoCommit() returned true
INFO : jdbc.audit - 1. PreparedStatement.new PreparedStatement returned 
INFO : jdbc.audit - 1. Connection.prepareStatement(update tbl_board
		set title=?,
		content=?,
		updateDate = sysdate
		where bno=?) returned net.sf.log4jdbc.sql.jdbcapi.PreparedStatementSpy@39de9bda
INFO : jdbc.audit - 1. PreparedStatement.setString(1, &quot;�̹� �̹�&quot;) returned 
INFO : jdbc.audit - 1. PreparedStatement.setString(2, &quot;�̹� �̹�&quot;) returned 
INFO : jdbc.audit - 1. PreparedStatement.setLong(3, 1) returned 
INFO : jdbc.sqlonly - update tbl_board set title=&apos;�̹� �̹�&apos;, content=&apos;�̹� �̹�&apos;, updateDate = sysdate where bno=1 

INFO : jdbc.sqltiming - update tbl_board set title=&apos;�̹� �̹�&apos;, content=&apos;�̹� �̹�&apos;, updateDate = sysdate where bno=1 
 {executed in 1 msec}
INFO : jdbc.audit - 1. PreparedStatement.execute() returned false
INFO : jdbc.audit - 1. PreparedStatement.getUpdateCount() returned 0
INFO : jdbc.audit - 1. PreparedStatement.close() returned 
INFO : jdbc.audit - 1. Connection.clearWarnings() returned 
</system-out>
  </testcase>
  <testcase classname="org.conan.persistence.BoardControllerTest" name="testRemove" time="0.007">
    <error message="javax.servlet.http.HttpServletResponse.getStatus()I" type="java.lang.NoSuchMethodError">java.lang.NoSuchMethodError: javax.servlet.http.HttpServletResponse.getStatus()I
	at org.springframework.web.servlet.FrameworkServlet.publishRequestHandledEvent(FrameworkServlet.java:1146)
	at org.springframework.web.servlet.FrameworkServlet.processRequest(FrameworkServlet.java:1023)
	at org.springframework.web.servlet.FrameworkServlet.doPost(FrameworkServlet.java:909)
	at javax.servlet.http.HttpServlet.service(HttpServlet.java:727)
	at org.springframework.web.servlet.FrameworkServlet.service(FrameworkServlet.java:883)
	at org.springframework.test.web.servlet.TestDispatcherServlet.service(TestDispatcherServlet.java:72)
	at javax.servlet.http.HttpServlet.service(HttpServlet.java:820)
	at org.springframework.mock.web.MockFilterChain$ServletFilterProxy.doFilter(MockFilterChain.java:167)
	at org.springframework.mock.web.MockFilterChain.doFilter(MockFilterChain.java:134)
	at org.springframework.test.web.servlet.MockMvc.perform(MockMvc.java:183)
	at org.conan.persistence.BoardControllerTest.testRemove(BoardControllerTest.java:68)
	at java.base/jdk.internal.reflect.NativeMethodAccessorImpl.invoke0(Native Method)
	at java.base/jdk.internal.reflect.NativeMethodAccessorImpl.invoke(NativeMethodAccessorImpl.java:62)
	at java.base/jdk.internal.reflect.DelegatingMethodAccessorImpl.invoke(DelegatingMethodAccessorImpl.java:43)
	at java.base/java.lang.reflect.Method.invoke(Method.java:566)
	at org.junit.runners.model.FrameworkMethod$1.runReflectiveCall(FrameworkMethod.java:59)
	at org.junit.internal.runners.model.ReflectiveCallable.run(ReflectiveCallable.java:12)
	at org.junit.runners.model.FrameworkMethod.invokeExplosively(FrameworkMethod.java:56)
	at org.junit.internal.runners.statements.InvokeMethod.evaluate(InvokeMethod.java:17)
	at org.springframework.test.context.junit4.statements.RunBeforeTestExecutionCallbacks.evaluate(RunBeforeTestExecutionCallbacks.java:74)
	at org.springframework.test.context.junit4.statements.RunAfterTestExecutionCallbacks.evaluate(RunAfterTestExecutionCallbacks.java:84)
	at org.junit.internal.runners.statements.RunBefores.evaluate(RunBefores.java:26)
	at org.springframework.test.context.junit4.statements.RunBeforeTestMethodCallbacks.evaluate(RunBeforeTestMethodCallbacks.java:75)
	at org.springframework.test.context.junit4.statements.RunAfterTestMethodCallbacks.evaluate(RunAfterTestMethodCallbacks.java:86)
	at org.springframework.test.context.junit4.statements.SpringRepeat.evaluate(SpringRepeat.java:84)
	at org.junit.runners.ParentRunner.runLeaf(ParentRunner.java:366)
	at org.springframework.test.context.junit4.SpringJUnit4ClassRunner.runChild(SpringJUnit4ClassRunner.java:251)
	at org.springframework.test.context.junit4.SpringJUnit4ClassRunner.runChild(SpringJUnit4ClassRunner.java:97)
	at org.junit.runners.ParentRunner$4.run(ParentRunner.java:331)
	at org.junit.runners.ParentRunner$1.schedule(ParentRunner.java:79)
	at org.junit.runners.ParentRunner.runChildren(ParentRunner.java:329)
	at org.junit.runners.ParentRunner.access$100(ParentRunner.java:66)
	at org.junit.runners.ParentRunner$2.evaluate(ParentRunner.java:293)
	at org.springframework.test.context.junit4.statements.RunBeforeTestClassCallbacks.evaluate(RunBeforeTestClassCallbacks.java:61)
	at org.springframework.test.context.junit4.statements.RunAfterTestClassCallbacks.evaluate(RunAfterTestClassCallbacks.java:70)
	at org.junit.runners.ParentRunner$3.evaluate(ParentRunner.java:306)
	at org.junit.runners.ParentRunner.run(ParentRunner.java:413)
	at org.springframework.test.context.junit4.SpringJUnit4ClassRunner.run(SpringJUnit4ClassRunner.java:190)
	at org.apache.maven.surefire.junit4.JUnit4Provider.execute(JUnit4Provider.java:252)
	at org.apache.maven.surefire.junit4.JUnit4Provider.executeTestSet(JUnit4Provider.java:141)
	at org.apache.maven.surefire.junit4.JUnit4Provider.invoke(JUnit4Provider.java:112)
	at java.base/jdk.internal.reflect.NativeMethodAccessorImpl.invoke0(Native Method)
	at java.base/jdk.internal.reflect.NativeMethodAccessorImpl.invoke(NativeMethodAccessorImpl.java:62)
	at java.base/jdk.internal.reflect.DelegatingMethodAccessorImpl.invoke(DelegatingMethodAccessorImpl.java:43)
	at java.base/java.lang.reflect.Method.invoke(Method.java:566)
	at org.apache.maven.surefire.util.ReflectionUtils.invokeMethodWithArray(ReflectionUtils.java:189)
	at org.apache.maven.surefire.booter.ProviderFactory$ProviderProxy.invoke(ProviderFactory.java:165)
	at org.apache.maven.surefire.booter.ProviderFactory.invokeProvider(ProviderFactory.java:85)
	at org.apache.maven.surefire.booter.ForkedBooter.runSuitesInProcess(ForkedBooter.java:115)
	at org.apache.maven.surefire.booter.ForkedBooter.main(ForkedBooter.java:75)
</error>
    <system-out>INFO : org.springframework.mock.web.MockServletContext - Initializing Spring TestDispatcherServlet &apos;&apos;
INFO : org.springframework.test.web.servlet.TestDispatcherServlet - Initializing Servlet &apos;&apos;
INFO : org.springframework.test.web.servlet.TestDispatcherServlet - Completed initialization in 1 ms
INFO : org.conan.controller.BoardController - remove....9
INFO : org.conan.servcie.BoardServiceImpl - remove...9
INFO : jdbc.audit - 1. Connection.getAutoCommit() returned true
INFO : jdbc.audit - 1. PreparedStatement.new PreparedStatement returned 
INFO : jdbc.audit - 1. Connection.prepareStatement(delete from tbl_board where bno=?) returned net.sf.log4jdbc.sql.jdbcapi.PreparedStatementSpy@e829999
INFO : jdbc.audit - 1. PreparedStatement.setLong(1, 9) returned 
INFO : jdbc.sqlonly - delete from tbl_board where bno=9 

INFO : jdbc.sqltiming - delete from tbl_board where bno=9 
 {executed in 1 msec}
INFO : jdbc.audit - 1. PreparedStatement.execute() returned false
INFO : jdbc.audit - 1. PreparedStatement.getUpdateCount() returned 0
INFO : jdbc.audit - 1. PreparedStatement.close() returned 
INFO : jdbc.audit - 1. Connection.clearWarnings() returned 
</system-out>
  </testcase>
</testsuite>